<?xml version="1.0" encoding="UTF-8"?>
<!-- Generated by org.testng.reporters.JUnitReportReporter -->
<testsuite hostname="Subramanyam" failures="0" tests="5" name="com.subbu.testcases.RegistrationTest" time="64.258" errors="0" timestamp="17 Apr 2022 01:35:59 GMT" skipped="0">
  <testcase classname="com.subbu.testcases.RegistrationTest" name="fillRegForm" time="12.416"/>
  <testcase classname="com.subbu.testcases.RegistrationTest" name="fillRegForm" time="13.376"/>
  <testcase classname="com.subbu.testcases.RegistrationTest" name="fillRegForm" time="13.838"/>
  <testcase classname="com.subbu.testcases.RegistrationTest" name="fillRegForm" time="12.518"/>
  <testcase classname="com.subbu.testcases.RegistrationTest" name="fillRegForm" time="12.110"/>
</testsuite> <!-- com.subbu.testcases.RegistrationTest -->
